Arguments: 
  /usr/bin/node /usr/share/yarn/bin/yarn.js

PATH: 
  /home/artur/.ebcli-virtual-env/executables:/home/artur/.local/bin:/usr/local/sbin:/usr/local/bin:/usr/sbin:/usr/bin:/sbin:/bin:/usr/games:/usr/local/games:/snap/bin

Yarn version: 
  1.22.19

Node version: 
  12.22.12

Platform: 
  linux x64

Trace: 
  Error: getaddrinfo EAI_AGAIN registry.yarnpkg.com
      at GetAddrInfoReqWrap.onlookup [as oncomplete] (dns.js:66:26)

npm manifest: 
  {
    "dependencies": {
      "typescript": "^4.7.2"
    },
    "devDependencies": {
      "@types/jest": "^27.5.1",
      "jest": "^28.1.0",
      "ts-jest": "^28.0.3"
    }
  }

yarn manifest: 
  No manifest

Lockfile: 
  No lockfile
